15:20:26    16 -->                                                             [tcl] ucliGUI::connect -toolargs -ucligui -toolexe simv -pid 15586 -toolin /tmp/vcs_20201005072022_15585_msc30y20..stdin -toolout /tmp/vcs_20201005072022_15585_msc30y20..stdout  
15:20:26    17 -->                                                                 [tcl] set ucliGUI::state
15:20:26    18 -->                                                                     [tcl] gui_update_simulator_buttons
15:20:28    19 -->                                                                         [tcl] set ucliGUI::state
15:20:28    20 -->                                                                             [tcl] ucliCore::getToolPID
15:20:28    21 -->                                                                                 [tcl] synopsys::env hasTB
15:20:28    22 -->                                                                                     [tcl] trigger_hier_stack_context_switch 0
15:20:28    23 -->                                                                                         [tcl] synUtils::setDVEInitPhase 1
15:20:28    24 -->                                                                                             [tcl] gui_get_env SIMSETUP::SIMVPD
15:20:28    25 --> ...  [tcl] synopsys::dump -type VPD -file /home1/msc30y20/Desktop/Module4/Behavioral/inter.vpd -locking
15:20:28    26 --> ...      [tcl] synopsys::dump -autoflush on -fid VPD0
15:20:28    27 --> ...          [tcl] set ::dve_fid VPD0
15:20:28    28 --> ...              [tcl] synUtils::setDVEInitPhase 0
15:20:28    29 --> ...                  [tcl] ucliCore::getToolPID
15:20:28    30 --> ...                      [tcl] synUtils::sendTool -active _icl_setToolSocket /tmp/smlnpmojbHn
15:20:28    31 --> ...                          [tcl] synUtils::sendTool -active {_icl_start_rpc -version "I-2014.03-SP1" -sync_file /tmp/vcs_dve_rpc.msc30y20.15586}
15:20:28    32 --> ...                              [tcl] synUtils::sendTool -active {_icl_createSharedMemory /tmp/vcs_dve_general.msc30y20.15586}
15:20:28    33 --> ...                                  [tcl] dveMisc::vbusExpand StateMachine_tb
15:20:28    34 --> ...                                      [tcl] config endofsim noexit
15:20:28    35 --> ...                                          [tcl] config onfail enable all
15:20:28    36 --> ...                                              [tcl] config syscaddplainmembers
15:20:28    37 --> ...                                                  [tcl] config syscaddsourcenames
15:20:28    38 --> ...                                                      [tcl] config syscaddstructtypes
15:20:28    39 --> ...                                                          [tcl] synopsys::listing -disable
15:20:39    40 --> ...                                                              [tcl] ucliGUI::vpdAddHierarchy -scope StateMachine_tb -depth 1 -file /home1/msc30y20/Desktop/Module4/Behavioral/inter.vpd; synopsys::dump -flush VPD0
15:20:39    41 --> ...                                                                  [tcl] synopsys::dump -add {StateMachine_tb.A StateMachine_tb.B StateMachine_tb.CIN StateMachine_tb.CLK StateMachine_tb.COUT StateMachine_tb.NRST StateMachine_tb.S StateMachine_tb.rst StateMachine_tb.start } -aggregates  -fid VPD0
15:20:40    42 --> ...                                                                      [tcl] synopsys::run
15:20:40    43 --> ...                                                                          [tcl] set ucliGUI::state
15:20:40    44 --> ...                                                                              [tcl] set ucliGUI::state
15:20:40    45 --> ...                                                                                  [tcl] set ucliGUI::state
15:20:40    46 --> ...                                                                                      [tcl] set ucliGUI::state
15:20:40    47 --> ...                                                                                          [tcl] catch {senv activeDomain} dveMisc::result 
15:20:40    48 --> ...                                                                                              [tcl] set dveMisc::result
15:20:40    49 --> ...                                                                                                  [tcl] gui_update_simulator_buttons
15:20:49    50 --> ...  [tcl] if [catch {gui_sim_terminate}] {gui_sim_terminate -kill}
15:20:49    51 --> ...      [tcl] synopsys::finish
15:20:49    52 --> ...          [tcl] set ucliGUI::state
15:20:49    53 --> ...              [tcl] set ucliGUI::state
15:20:49    54 --> ...                  [tcl] catch {senv activeDomain} dveMisc::result 
15:20:49    55 --> ...                      [tcl] set dveMisc::result
15:20:49    56 --> ...                          [tcl] gui_update_simulator_buttons
15:20:49    57 --> ...                              [tcl] catch {senv activeDomain} dveMisc::result 
15:20:49    58 --> ...                                  [tcl] set dveMisc::result
15:20:49    59 --> ...                                      [tcl] ucli_exit
