15:35:40    16 -->                                                             [tcl] ucliGUI::connect -toolargs -ucligui -toolexe simv -pid 16383 -toolin /tmp/vcs_20201005073536_16382_msc30y20..stdin -toolout /tmp/vcs_20201005073536_16382_msc30y20..stdout  
15:35:40    17 -->                                                                 [tcl] set ucliGUI::state
15:35:40    18 -->                                                                     [tcl] gui_update_simulator_buttons
15:35:41    19 -->                                                                         [tcl] set ucliGUI::state
15:35:41    20 -->                                                                             [tcl] ucliCore::getToolPID
15:35:41    21 -->                                                                                 [tcl] synopsys::env hasTB
15:35:41    22 -->                                                                                     [tcl] trigger_hier_stack_context_switch 0
15:35:41    23 -->                                                                                         [tcl] synUtils::setDVEInitPhase 1
15:35:41    24 -->                                                                                             [tcl] gui_get_env SIMSETUP::SIMVPD
15:35:41    25 --> ...  [tcl] synopsys::dump -type VPD -file /home1/msc30y20/Desktop/Module4/rtl/inter.vpd -locking
15:35:41    26 --> ...      [tcl] synopsys::dump -autoflush on -fid VPD0
15:35:41    27 --> ...          [tcl] set ::dve_fid VPD0
15:35:41    28 --> ...              [tcl] synUtils::setDVEInitPhase 0
15:35:41    29 --> ...                  [tcl] ucliCore::getToolPID
15:35:41    30 --> ...                      [tcl] synUtils::sendTool -active _icl_setToolSocket /tmp/smlnpbRMhsY
15:35:41    31 --> ...                          [tcl] synUtils::sendTool -active {_icl_start_rpc -version "I-2014.03-SP1" -sync_file /tmp/vcs_dve_rpc.msc30y20.16383}
15:35:42    32 --> ...                              [tcl] synUtils::sendTool -active {_icl_createSharedMemory /tmp/vcs_dve_general.msc30y20.16383}
15:35:42    33 --> ...                                  [tcl] dveMisc::vbusExpand StateMachine_tb
15:35:42    34 --> ...                                      [tcl] config endofsim noexit
15:35:42    35 --> ...                                          [tcl] config onfail enable all
15:35:42    36 --> ...                                              [tcl] config syscaddplainmembers
15:35:42    37 --> ...                                                  [tcl] config syscaddsourcenames
15:35:42    38 --> ...                                                      [tcl] config syscaddstructtypes
15:35:42    39 --> ...                                                          [tcl] synopsys::listing -disable
15:35:55    40 --> ...                                                              [tcl] synopsys::dump -add {StateMachine_tb.A StateMachine_tb.B StateMachine_tb.CIN StateMachine_tb.CLK StateMachine_tb.COUT StateMachine_tb.NRST StateMachine_tb.S StateMachine_tb.rst StateMachine_tb.start } -aggregates  -fid VPD0
15:35:56    41 --> ...                                                                  [tcl] synopsys::run
15:35:56    42 --> ...                                                                      [tcl] set ucliGUI::state
15:35:56    43 --> ...                                                                          [tcl] set ucliGUI::state
15:35:56    44 --> ...                                                                              [tcl] set ucliGUI::state
15:35:56    45 --> ...                                                                                  [tcl] set ucliGUI::state
15:35:56    46 --> ...                                                                                      [tcl] catch {senv activeDomain} dveMisc::result 
15:35:56    47 --> ...                                                                                          [tcl] set dveMisc::result
15:35:56    48 --> ...                                                                                              [tcl] gui_update_simulator_buttons
15:37:01    49 --> ...                                                                                                  [tcl] if [catch {gui_sim_terminate}] {gui_sim_terminate -kill}
15:37:01    50 --> ...  [tcl] synopsys::finish
15:37:01    51 --> ...      [tcl] set ucliGUI::state
15:37:01    52 --> ...          [tcl] set ucliGUI::state
15:37:01    53 --> ...              [tcl] catch {senv activeDomain} dveMisc::result 
15:37:01    54 --> ...                  [tcl] set dveMisc::result
15:37:01    55 --> ...                      [tcl] gui_update_simulator_buttons
15:37:01    56 --> ...                          [tcl] catch {senv activeDomain} dveMisc::result 
15:37:01    57 --> ...                              [tcl] set dveMisc::result
15:37:02    58 --> ...                                  [tcl] ucli_exit
