/net/numnum2/silo3/synopsys/vJ-2014/syn/J-2014.09-SP2/auxx/gui/dv/dv_setup.tcl
/net/numnum2/silo3/synopsys/vJ-2014/syn/J-2014.09-SP2/auxx/gui/syn/snpsSynProcs.tcl
/net/numnum2/silo3/synopsys/vJ-2014/syn/J-2014.09-SP2/auxx/tcllib/lib/tcl8.5/tm.tcl
/net/numnum2/silo3/synopsys/vJ-2014/syn/J-2014.09-SP2/auxx/tcllib/lib/tcl8.5/package.tcl
/net/numnum2/silo3/synopsys/vJ-2014/syn/J-2014.09-SP2/auxx/gui/syn/layout/pkgIndex.tcl
/net/numnum2/silo3/synopsys/vJ-2014/syn/J-2014.09-SP2/auxx/gui/common/tcl-dp/pkgIndex.tcl
/net/numnum2/silo3/synopsys/vJ-2014/syn/J-2014.09-SP2/auxx/gui/common/WindowFrameWork/pkgIndex.tcl
/net/numnum2/silo3/synopsys/vJ-2014/syn/J-2014.09-SP2/auxx/gui/common/opdlg/pkgIndex.tcl
/net/numnum2/silo3/synopsys/vJ-2014/syn/J-2014.09-SP2/auxx/gui/common/table/pkgIndex.tcl
/net/numnum2/silo3/synopsys/vJ-2014/syn/J-2014.09-SP2/auxx/gui/common/schematic/pkgIndex.tcl
/net/numnum2/silo3/synopsys/vJ-2014/syn/J-2014.09-SP2/auxx/gui/common/commandform/pkgIndex.tcl
/net/numnum2/silo3/synopsys/vJ-2014/syn/J-2014.09-SP2/auxx/gui/common/pathinspector/pkgIndex.tcl
/net/numnum2/silo3/synopsys/vJ-2014/syn/J-2014.09-SP2/auxx/gui/common/highlight/pkgIndex.tcl
/net/numnum2/silo3/synopsys/vJ-2014/syn/J-2014.09-SP2/auxx/gui/common/tq/pkgIndex.tcl
/net/numnum2/silo3/synopsys/vJ-2014/syn/J-2014.09-SP2/auxx/gui/common/tiledview/pkgIndex.tcl
/net/numnum2/silo3/synopsys/vJ-2014/syn/J-2014.09-SP2/auxx/gui/common/profiler/pkgIndex.tcl
/net/numnum2/silo3/synopsys/vJ-2014/syn/J-2014.09-SP2/auxx/gui/common/hierarchy/pkgIndex.tcl
/net/numnum2/silo3/synopsys/vJ-2014/syn/J-2014.09-SP2/auxx/gui/common/select/pkgIndex.tcl
/net/numnum2/silo3/synopsys/vJ-2014/syn/J-2014.09-SP2/auxx/gui/common/layout/pkgIndex.tcl
/net/numnum2/silo3/synopsys/vJ-2014/syn/J-2014.09-SP2/auxx/gui/common/regressionToolkit/pkgIndex.tcl
/net/numnum2/silo3/synopsys/vJ-2014/syn/J-2014.09-SP2/auxx/gui/common/qtcl/pkgIndex.tcl
/net/numnum2/silo3/synopsys/vJ-2014/syn/J-2014.09-SP2/auxx/gui/common/mrupalette/pkgIndex.tcl
/net/numnum2/silo3/synopsys/vJ-2014/syn/J-2014.09-SP2/auxx/gui/common/misc/pkgIndex.tcl
/net/numnum2/silo3/synopsys/vJ-2014/syn/J-2014.09-SP2/auxx/gui/common/view/pkgIndex.tcl
/net/numnum2/silo3/synopsys/vJ-2014/syn/J-2014.09-SP2/auxx/gui/common/dialogs/pkgIndex.tcl
/net/numnum2/silo3/synopsys/vJ-2014/syn/J-2014.09-SP2/auxx/gui/common/timing/pkgIndex.tcl
/net/numnum2/silo3/synopsys/vJ-2014/syn/J-2014.09-SP2/auxx/gui/common/fanoutviewer/pkgIndex.tcl
/net/numnum2/silo3/synopsys/vJ-2014/syn/J-2014.09-SP2/auxx/gui/common/setup/pkgIndex.tcl
/net/numnum2/silo3/synopsys/vJ-2014/syn/J-2014.09-SP2/auxx/gui/common/palettegroup/pkgIndex.tcl
/net/numnum2/silo3/synopsys/vJ-2014/syn/J-2014.09-SP2/auxx/gui/common/acg/pkgIndex.tcl
/net/numnum2/silo3/synopsys/vJ-2014/syn/J-2014.09-SP2/auxx/gui/common/menus/pkgIndex.tcl
/net/numnum2/silo3/synopsys/vJ-2014/syn/J-2014.09-SP2/auxx/gui/common/strokes/pkgIndex.tcl
/net/numnum2/silo3/synopsys/vJ-2014/syn/J-2014.09-SP2/auxx/gui/common/histogram/pkgIndex.tcl
/net/numnum2/silo3/synopsys/vJ-2014/syn/J-2014.09-SP2/auxx/gui/common/docBrowser/pkgIndex.tcl
/net/numnum2/silo3/synopsys/vJ-2014/syn/J-2014.09-SP2/auxx/gui/common/libviewer/pkgIndex.tcl
/net/numnum2/silo3/synopsys/vJ-2014/syn/J-2014.09-SP2/auxx/gui/dv/pkgIndex.tcl
/net/numnum2/silo3/synopsys/vJ-2014/syn/J-2014.09-SP2/auxx/tcllib/snps_tcl/snpsTest/pkgIndex.tcl
/net/numnum2/silo3/synopsys/vJ-2014/syn/J-2014.09-SP2/auxx/tcllib/snps_tcl/snpsUtils/pkgIndex.tcl
/net/numnum2/silo3/synopsys/vJ-2014/syn/J-2014.09-SP2/auxx/tcllib/snps_tcl/snpsTclPro/pkgIndex.tcl
/net/numnum2/silo3/synopsys/vJ-2014/syn/J-2014.09-SP2/auxx/tcllib/snps_tcl/pkgIndex.tcl
/net/numnum2/silo3/synopsys/vJ-2014/syn/J-2014.09-SP2/auxx/tcllib/lib/tcl8.5/platform/pkgIndex.tcl
/net/numnum2/silo3/synopsys/vJ-2014/syn/J-2014.09-SP2/auxx/tcllib/lib/tcl8.5/msgcat/pkgIndex.tcl
/net/numnum2/silo3/synopsys/vJ-2014/syn/J-2014.09-SP2/auxx/tcllib/lib/tcl8.5/reg/pkgIndex.tcl
/net/numnum2/silo3/synopsys/vJ-2014/syn/J-2014.09-SP2/auxx/tcllib/lib/tcl8.5/http/pkgIndex.tcl
/net/numnum2/silo3/synopsys/vJ-2014/syn/J-2014.09-SP2/auxx/tcllib/lib/tcl8.5/tcltest/pkgIndex.tcl
/net/numnum2/silo3/synopsys/vJ-2014/syn/J-2014.09-SP2/auxx/tcllib/lib/tcl8.5/dde/pkgIndex.tcl
/net/numnum2/silo3/synopsys/vJ-2014/syn/J-2014.09-SP2/auxx/tcllib/lib/tcl8.5/opt/pkgIndex.tcl
/net/numnum2/silo3/synopsys/vJ-2014/syn/J-2014.09-SP2/auxx/tcllib/lib/tcl8.5/http1.0/pkgIndex.tcl
/net/numnum2/silo3/synopsys/vJ-2014/syn/J-2014.09-SP2/auxx/gui/common/setup/snpsCommonSetup.tcl
/net/numnum2/silo3/synopsys/vJ-2014/syn/J-2014.09-SP2/auxx/gui/common/setup/snpsCustomize.tcl
/net/numnum2/silo3/synopsys/vJ-2014/syn/J-2014.09-SP2/auxx/gui/common/setup/snpsProcheck.tcl
/net/numnum2/silo3/synopsys/vJ-2014/syn/J-2014.09-SP2/auxx/gui/common/qtcl/.synopsys_qtcl.tcl
/net/numnum2/silo3/synopsys/vJ-2014/syn/J-2014.09-SP2/auxx/gui/common/highlight/highlight.tcl
/net/numnum2/silo3/synopsys/vJ-2014/syn/J-2014.09-SP2/auxx/gui/common/misc/base.tcl
/net/numnum2/silo3/synopsys/vJ-2014/syn/J-2014.09-SP2/auxx/gui/common/misc/timing.tcl
/net/numnum2/silo3/synopsys/vJ-2014/syn/J-2014.09-SP2/auxx/gui/common/misc/setting.tcl
/net/numnum2/silo3/synopsys/vJ-2014/syn/J-2014.09-SP2/auxx/gui/common/misc/preset.tcl
/net/numnum2/silo3/synopsys/vJ-2014/syn/J-2014.09-SP2/auxx/gui/common/WindowFrameWork/windowFrameWork.tcl
/net/numnum2/silo3/synopsys/vJ-2014/syn/J-2014.09-SP2/auxx/gui/common/WindowFrameWork/skipBusyCursorCmdList.tcl
/net/numnum2/silo3/synopsys/vJ-2014/syn/J-2014.09-SP2/auxx/gui/common/docBrowser/docBrowser.tcl
/net/numnum2/silo3/synopsys/vJ-2014/syn/J-2014.09-SP2/auxx/tcllib/snps_tcl/snpsUtils/snpsUtils.tcl
/net/numnum2/silo3/synopsys/vJ-2014/syn/J-2014.09-SP2/auxx/gui/common/dialogs/ObjectChooser.tcl
/net/numnum2/silo3/synopsys/vJ-2014/syn/J-2014.09-SP2/auxx/gui/common/misc/DialogObjectChooser.tcl
/net/numnum2/silo3/synopsys/vJ-2014/syn/J-2014.09-SP2/auxx/gui/common/dialogs/HistBinInformation.tcl
/net/numnum2/silo3/synopsys/vJ-2014/syn/J-2014.09-SP2/auxx/gui/common/dialogs/HistBin1Information.tcl
/net/numnum2/silo3/synopsys/vJ-2014/syn/J-2014.09-SP2/auxx/gui/common/dialogs/BinsOnlyInformation.tcl
/net/numnum2/silo3/synopsys/vJ-2014/syn/J-2014.09-SP2/auxx/gui/common/dialogs/FileChooser.tcl
/net/numnum2/silo3/synopsys/vJ-2014/syn/J-2014.09-SP2/auxx/gui/common/dialogs/PathPinSimpleInfo.tcl
/net/numnum2/silo3/synopsys/vJ-2014/syn/J-2014.09-SP2/auxx/gui/common/dialogs/PathsBasicInfo.tcl
/net/numnum2/silo3/synopsys/vJ-2014/syn/J-2014.09-SP2/auxx/gui/common/dialogs/PathsBasicSimpleInfo.tcl
/net/numnum2/silo3/synopsys/vJ-2014/syn/J-2014.09-SP2/auxx/gui/common/dialogs/SlctOperationInfo.tcl
/net/numnum2/silo3/synopsys/vJ-2014/syn/J-2014.09-SP2/auxx/gui/common/dialogs/ObjectListInfo.tcl
/net/numnum2/silo3/synopsys/vJ-2014/syn/J-2014.09-SP2/auxx/gui/common/dialogs/FanInOutInfo.tcl
/net/numnum2/silo3/synopsys/vJ-2014/syn/J-2014.09-SP2/auxx/gui/common/dialogs/NumberOfLevelsChooser.tcl
/net/numnum2/silo3/synopsys/vJ-2014/syn/J-2014.09-SP2/auxx/gui/common/dialogs/WindowReuseInfo.tcl
/net/numnum2/silo3/synopsys/vJ-2014/syn/J-2014.09-SP2/auxx/gui/common/dialogs/ReportOutputOptionInfo.tcl
/net/numnum2/silo3/synopsys/vJ-2014/syn/J-2014.09-SP2/auxx/gui/common/setup/snpsCollections.tcl
/net/numnum2/silo3/synopsys/vJ-2014/syn/J-2014.09-SP2/auxx/gui/common/dialogs/CompileLinkDesign.tcl
/net/numnum2/silo3/synopsys/vJ-2014/syn/J-2014.09-SP2/auxx/gui/common/histogram/DialogEndpointSlack.tcl
/net/numnum2/silo3/synopsys/vJ-2014/syn/J-2014.09-SP2/auxx/gui/common/histogram/DialogPathsSlack.tcl
/net/numnum2/silo3/synopsys/vJ-2014/syn/J-2014.09-SP2/auxx/gui/common/histogram/DialogNetCapacitance.tcl
/net/numnum2/silo3/synopsys/vJ-2014/syn/J-2014.09-SP2/auxx/gui/common/schematic/DialogPathSchematicFanInOut.tcl
/net/numnum2/silo3/synopsys/vJ-2014/syn/J-2014.09-SP2/auxx/gui/common/schematic/DialogPathSchematicAddPaths.tcl
/net/vlsiserver/usr1/library/AMS/AMS_4.1_CDS/synopsys/c35_3.3V/c35_CORELIB_WC.db
/net/vlsiserver/usr1/library/AMS/AMS_4.1_CDS/synopsys/c35_3.3V/c35_IOLIB_WC.db
/net/vlsiserver/usr1/library/AMS/AMS_4.1_CDS/synopsys/c35_3.3V/c35_IOLIBV5_WC.db
/net/numnum2/silo3/synopsys/vJ-2014/syn/J-2014.09-SP2/libraries/syn/dw_foundation.sldb
/net/numnum2/silo3/synopsys/vJ-2014/syn/J-2014.09-SP2/libraries/syn/gtech.db
/net/numnum2/silo3/synopsys/vJ-2014/syn/J-2014.09-SP2/libraries/syn/standard.sldb
/home1/msc30y20/Desktop/Module4/rtl/Syn_StateMachine.v
/home1/msc30y20/Desktop/Module4/rtl/Syn_StateMachine.v
/home1/msc30y20/Desktop/Module4/rtl/PowerAnalysis/inter.saif
